[handleMsg]:  {
  key: {
    remoteJid: '50672718761@s.whatsapp.net',
    fromMe: false,
    id: '3AFF094DEEE430D0AB2F',
    participant: undefined
  },
  messageTimestamp: 1741306213,
  pushName: 'Jor69',
  broadcast: false,
  message: Message {
    conversation: 'Hola',
    messageContextInfo: MessageContextInfo {
      deviceListMetadata: [DeviceListMetadata],
      deviceListMetadataVersion: 2,
      messageSecret: [Uint8Array]
    }
  },
  body: 'Hola',
  from: '50672718761'
}
[QUEUE_SE_ENVIO]:  {
  ref: 'ans_ffe63b69-c0f7-4fdb-b3a0-9b0798238a48',
  keyword: 'key_89df79b3-b733-4b06-b3cf-72f06390cd90',
  answer: '*IcoBot*',
  options: {
    media: null,
    buttons: [],
    capture: false,
    child: null,
    delay: 1,
    idle: null,
    ref: null,
    nested: [],
    keyword: {},
    callback: true
  },
  refSerialize: 'bfb7fa3b167c3db3a3921285c960f9b2'
}
[handleMsg]:  {
  key: {
    remoteJid: '50672718761@s.whatsapp.net',
    fromMe: false,
    id: '3A3FC8ECD586A47EA9F1',
    participant: undefined
  },
  messageTimestamp: 1741306234,
  pushName: 'Jor69',
  broadcast: false,
  message: Message {
    conversation: 'Donde estan ubicados?',
    messageContextInfo: MessageContextInfo {
      deviceListMetadata: [DeviceListMetadata],
      deviceListMetadataVersion: 2,
      messageSecret: [Uint8Array]
    }
  },
  body: 'Donde estan ubicados?',
  from: '50672718761'
}
[QUEUE_SE_ENVIO]:  {
  ref: 'ans_ffe63b69-c0f7-4fdb-b3a0-9b0798238a48',
  keyword: 'key_89df79b3-b733-4b06-b3cf-72f06390cd90',
  answer: '*IcoBot*',
  options: {
    media: null,
    buttons: [],
    capture: false,
    child: null,
    delay: 1,
    idle: null,
    ref: null,
    nested: [],
    keyword: {},
    callback: true
  },
  refSerialize: 'bfb7fa3b167c3db3a3921285c960f9b2'
}
[handleMsg]:  {
  key: {
    remoteJid: '50672718761@s.whatsapp.net',
    fromMe: false,
    id: '3AC3E8695F82EF354B05',
    participant: undefined
  },
  messageTimestamp: 1741306253,
  pushName: 'Jor69',
  broadcast: false,
  message: Message {
    conversation: 'Esa era mi consulta, gracias!',
    messageContextInfo: MessageContextInfo {
      deviceListMetadata: [DeviceListMetadata],
      deviceListMetadataVersion: 2,
      messageSecret: [Uint8Array]
    }
  },
  body: 'Esa era mi consulta, gracias!',
  from: '50672718761'
}
[QUEUE_SE_ENVIO]:  {
  ref: 'ans_ffe63b69-c0f7-4fdb-b3a0-9b0798238a48',
  keyword: 'key_89df79b3-b733-4b06-b3cf-72f06390cd90',
  answer: '*IcoBot*',
  options: {
    media: null,
    buttons: [],
    capture: false,
    child: null,
    delay: 1,
    idle: null,
    ref: null,
    nested: [],
    keyword: {},
    callback: true
  },
  refSerialize: 'bfb7fa3b167c3db3a3921285c960f9b2'
}
